  [1m[35m (12.1ms)[0m  [1m[35mSET NAMES utf8,  @@SESSION.sql_mode = CONCAT(CONCAT(@@sql_mode, ',STRICT_ALL_TABLES'), ',NO_AUTO_VALUE_ON_ZERO'),  @@SESSION.sql_auto_is_null = 0, @@SESSION.wait_timeout = 2147483[0m
  ↳ bin/rails:9
  [1m[35m (1.5ms)[0m  [1m[35mCREATE DATABASE `online_library_development` DEFAULT CHARACTER SET `utf8`[0m
  ↳ bin/rails:9
  [1m[35m (0.2ms)[0m  [1m[35mSET NAMES utf8,  @@SESSION.sql_mode = CONCAT(CONCAT(@@sql_mode, ',STRICT_ALL_TABLES'), ',NO_AUTO_VALUE_ON_ZERO'),  @@SESSION.sql_auto_is_null = 0, @@SESSION.wait_timeout = 2147483[0m
  ↳ bin/rails:9
  [1m[35m (0.4ms)[0m  [1m[35mCREATE DATABASE `online_library_test` DEFAULT CHARACTER SET `utf8`[0m
  ↳ bin/rails:9
  [1m[35m (0.4ms)[0m  [1m[35mSET NAMES utf8,  @@SESSION.sql_mode = CONCAT(CONCAT(@@sql_mode, ',STRICT_ALL_TABLES'), ',NO_AUTO_VALUE_ON_ZERO'),  @@SESSION.sql_auto_is_null = 0, @@SESSION.wait_timeout = 2147483[0m
  ↳ /Users/prathibhags/.rvm/gems/ruby-2.6.3/bin/rake:23
  [1m[35m (242.2ms)[0m  [1m[35mCREATE TABLE `schema_migrations` (`version` varchar(255) NOT NULL PRIMARY KEY)[0m
  ↳ /Users/prathibhags/.rvm/gems/ruby-2.6.3/bin/rake:23
  [1m[35m (252.4ms)[0m  [1m[35mCREATE TABLE `ar_internal_metadata` (`key` varchar(255) NOT NULL PRIMARY KEY, `value` varchar(255), `created_at` datetime NOT NULL, `updated_at` datetime NOT NULL)[0m
  ↳ /Users/prathibhags/.rvm/gems/ruby-2.6.3/bin/rake:23
  [1m[35m (0.2ms)[0m  [1m[34mSELECT GET_LOCK('3014441666437641405', 0)[0m
  ↳ /Users/prathibhags/.rvm/gems/ruby-2.6.3/bin/rake:23
  [1m[35m (0.2ms)[0m  [1m[34mSELECT `schema_migrations`.`version` FROM `schema_migrations` ORDER BY `schema_migrations`.`version` ASC[0m
  ↳ /Users/prathibhags/.rvm/gems/ruby-2.6.3/bin/rake:23
Migrating to DeviseCreateUsers (20190823141928)
  [1m[35m (233.7ms)[0m  [1m[35mCREATE TABLE `users` (`id` bigint NOT NULL AUTO_INCREMENT PRIMARY KEY, `email` varchar(255) DEFAULT '' NOT NULL, `encrypted_password` varchar(255) DEFAULT '' NOT NULL, `reset_password_token` varchar(255), `reset_password_sent_at` datetime, `remember_created_at` datetime, `created_at` datetime NOT NULL, `updated_at` datetime NOT NULL)[0m
  ↳ db/migrate/20190823141928_devise_create_users.rb:5
  [1m[35m (166.4ms)[0m  [1m[35mCREATE UNIQUE INDEX `index_users_on_email`  ON `users` (`email`) [0m
  ↳ db/migrate/20190823141928_devise_create_users.rb:39
  [1m[35m (144.5ms)[0m  [1m[35mCREATE UNIQUE INDEX `index_users_on_reset_password_token`  ON `users` (`reset_password_token`) [0m
  ↳ db/migrate/20190823141928_devise_create_users.rb:40
  [1m[35m (0.1ms)[0m  [1m[35mBEGIN[0m
  ↳ /Users/prathibhags/.rvm/gems/ruby-2.6.3/bin/rake:23
  [1m[36mActiveRecord::SchemaMigration Create (0.2ms)[0m  [1m[32mINSERT INTO `schema_migrations` (`version`) VALUES ('20190823141928')[0m
  ↳ /Users/prathibhags/.rvm/gems/ruby-2.6.3/bin/rake:23
  [1m[35m (0.4ms)[0m  [1m[35mCOMMIT[0m
  ↳ /Users/prathibhags/.rvm/gems/ruby-2.6.3/bin/rake:23
Migrating to DeviseCreateAdminUsers (20190823142057)
  [1m[35m (153.1ms)[0m  [1m[35mCREATE TABLE `admin_users` (`id` bigint NOT NULL AUTO_INCREMENT PRIMARY KEY, `email` varchar(255) DEFAULT '' NOT NULL, `encrypted_password` varchar(255) DEFAULT '' NOT NULL, `reset_password_token` varchar(255), `reset_password_sent_at` datetime, `remember_created_at` datetime, `created_at` datetime NOT NULL, `updated_at` datetime NOT NULL)[0m
  ↳ db/migrate/20190823142057_devise_create_admin_users.rb:5
  [1m[35m (159.2ms)[0m  [1m[35mCREATE UNIQUE INDEX `index_admin_users_on_email`  ON `admin_users` (`email`) [0m
  ↳ db/migrate/20190823142057_devise_create_admin_users.rb:39
  [1m[35m (167.3ms)[0m  [1m[35mCREATE UNIQUE INDEX `index_admin_users_on_reset_password_token`  ON `admin_users` (`reset_password_token`) [0m
  ↳ db/migrate/20190823142057_devise_create_admin_users.rb:40
  [1m[35m (0.2ms)[0m  [1m[35mBEGIN[0m
  ↳ /Users/prathibhags/.rvm/gems/ruby-2.6.3/bin/rake:23
  [1m[36mActiveRecord::SchemaMigration Create (0.2ms)[0m  [1m[32mINSERT INTO `schema_migrations` (`version`) VALUES ('20190823142057')[0m
  ↳ /Users/prathibhags/.rvm/gems/ruby-2.6.3/bin/rake:23
  [1m[35m (0.8ms)[0m  [1m[35mCOMMIT[0m
  ↳ /Users/prathibhags/.rvm/gems/ruby-2.6.3/bin/rake:23
Migrating to CreateActiveAdminComments (20190823142100)
  [1m[35m (176.9ms)[0m  [1m[35mCREATE TABLE `active_admin_comments` (`id` bigint NOT NULL AUTO_INCREMENT PRIMARY KEY, `namespace` varchar(255), `body` text, `resource_type` varchar(255), `resource_id` bigint, `author_type` varchar(255), `author_id` bigint, `created_at` datetime NOT NULL, `updated_at` datetime NOT NULL,  INDEX `index_active_admin_comments_on_resource_type_and_resource_id`  (`resource_type`, `resource_id`),  INDEX `index_active_admin_comments_on_author_type_and_author_id`  (`author_type`, `author_id`))[0m
  ↳ db/migrate/20190823142100_create_active_admin_comments.rb:3
  [1m[35m (186.7ms)[0m  [1m[35mCREATE  INDEX `index_active_admin_comments_on_namespace`  ON `active_admin_comments` (`namespace`) [0m
  ↳ db/migrate/20190823142100_create_active_admin_comments.rb:10
  [1m[35m (0.2ms)[0m  [1m[35mBEGIN[0m
  ↳ /Users/prathibhags/.rvm/gems/ruby-2.6.3/bin/rake:23
  [1m[36mActiveRecord::SchemaMigration Create (0.2ms)[0m  [1m[32mINSERT INTO `schema_migrations` (`version`) VALUES ('20190823142100')[0m
  ↳ /Users/prathibhags/.rvm/gems/ruby-2.6.3/bin/rake:23
  [1m[35m (0.5ms)[0m  [1m[35mCOMMIT[0m
  ↳ /Users/prathibhags/.rvm/gems/ruby-2.6.3/bin/rake:23
  [1m[36mActiveRecord::InternalMetadata Load (0.2ms)[0m  [1m[34mSELECT  `ar_internal_metadata`.* FROM `ar_internal_metadata` WHERE `ar_internal_metadata`.`key` = 'environment' LIMIT 1[0m
  ↳ /Users/prathibhags/.rvm/gems/ruby-2.6.3/bin/rake:23
  [1m[35m (0.1ms)[0m  [1m[35mBEGIN[0m
  ↳ /Users/prathibhags/.rvm/gems/ruby-2.6.3/bin/rake:23
  [1m[36mActiveRecord::InternalMetadata Create (0.2ms)[0m  [1m[32mINSERT INTO `ar_internal_metadata` (`key`, `value`, `created_at`, `updated_at`) VALUES ('environment', 'development', '2019-08-23 14:21:45', '2019-08-23 14:21:45')[0m
  ↳ /Users/prathibhags/.rvm/gems/ruby-2.6.3/bin/rake:23
  [1m[35m (0.5ms)[0m  [1m[35mCOMMIT[0m
  ↳ /Users/prathibhags/.rvm/gems/ruby-2.6.3/bin/rake:23
  [1m[35m (0.2ms)[0m  [1m[34mSELECT RELEASE_LOCK('3014441666437641405')[0m
  ↳ /Users/prathibhags/.rvm/gems/ruby-2.6.3/bin/rake:23
  [1m[35m (0.2ms)[0m  [1m[34mSELECT `schema_migrations`.`version` FROM `schema_migrations` ORDER BY `schema_migrations`.`version` ASC[0m
  ↳ /Users/prathibhags/.rvm/gems/ruby-2.6.3/bin/rake:23
Started GET "/admin" for ::1 at 2019-08-23 19:52:14 +0530
  [1m[35m (0.3ms)[0m  [1m[35mSET NAMES utf8,  @@SESSION.sql_mode = CONCAT(CONCAT(@@sql_mode, ',STRICT_ALL_TABLES'), ',NO_AUTO_VALUE_ON_ZERO'),  @@SESSION.sql_auto_is_null = 0, @@SESSION.wait_timeout = 2147483[0m
  ↳ /Users/prathibhags/.rvm/gems/ruby-2.6.3/gems/activerecord-5.2.3/lib/active_record/log_subscriber.rb:98
  [1m[35m (0.3ms)[0m  [1m[34mSELECT `schema_migrations`.`version` FROM `schema_migrations` ORDER BY `schema_migrations`.`version` ASC[0m
  ↳ /Users/prathibhags/.rvm/gems/ruby-2.6.3/gems/activerecord-5.2.3/lib/active_record/log_subscriber.rb:98
Processing by Admin::DashboardController#index as HTML
Completed 401 Unauthorized in 6ms (ActiveRecord: 0.0ms)


Started GET "/admin/login" for ::1 at 2019-08-23 19:52:14 +0530
Processing by ActiveAdmin::Devise::SessionsController#new as HTML
  Rendering /Users/prathibhags/.rvm/gems/ruby-2.6.3/gems/activeadmin-2.2.0/app/views/active_admin/devise/sessions/new.html.erb within layouts/active_admin_logged_out
  Rendered /Users/prathibhags/.rvm/gems/ruby-2.6.3/gems/activeadmin-2.2.0/app/views/active_admin/devise/shared/_links.erb (1.7ms)
  Rendered /Users/prathibhags/.rvm/gems/ruby-2.6.3/gems/activeadmin-2.2.0/app/views/active_admin/devise/sessions/new.html.erb within layouts/active_admin_logged_out (93.9ms)
Completed 200 OK in 4996ms (Views: 4879.1ms | ActiveRecord: 43.3ms)


Started POST "/admin/login" for ::1 at 2019-08-23 19:52:30 +0530
Processing by ActiveAdmin::Devise::SessionsController#create as HTML
  Parameters: {"utf8"=>"✓", "authenticity_token"=>"EHbfma/5l753qjuQgzZxpGFGNVWyyEH/KRvXLJiLrW01IAq4ONYz5+20nFqpL55xjk8Z1HooOOvbdzT+LZAIQg==", "admin_user"=>{"email"=>"admin@example.com", "password"=>"[FILTERED]", "remember_me"=>"1"}, "commit"=>"Login"}
  [1m[36mAdminUser Load (0.4ms)[0m  [1m[34mSELECT  `admin_users`.* FROM `admin_users` WHERE `admin_users`.`email` = 'admin@example.com' ORDER BY `admin_users`.`id` ASC LIMIT 1[0m
  ↳ /Users/prathibhags/.rvm/gems/ruby-2.6.3/gems/activerecord-5.2.3/lib/active_record/log_subscriber.rb:98
Completed 401 Unauthorized in 31ms (ActiveRecord: 0.4ms)


Processing by ActiveAdmin::Devise::SessionsController#new as HTML
  Parameters: {"utf8"=>"✓", "authenticity_token"=>"EHbfma/5l753qjuQgzZxpGFGNVWyyEH/KRvXLJiLrW01IAq4ONYz5+20nFqpL55xjk8Z1HooOOvbdzT+LZAIQg==", "admin_user"=>{"email"=>"admin@example.com", "password"=>"[FILTERED]", "remember_me"=>"1"}, "commit"=>"Login"}
  Rendering /Users/prathibhags/.rvm/gems/ruby-2.6.3/gems/activeadmin-2.2.0/app/views/active_admin/devise/sessions/new.html.erb within layouts/active_admin_logged_out
  Rendered /Users/prathibhags/.rvm/gems/ruby-2.6.3/gems/activeadmin-2.2.0/app/views/active_admin/devise/shared/_links.erb (0.8ms)
  Rendered /Users/prathibhags/.rvm/gems/ruby-2.6.3/gems/activeadmin-2.2.0/app/views/active_admin/devise/sessions/new.html.erb within layouts/active_admin_logged_out (17.7ms)
Completed 200 OK in 273ms (Views: 101.3ms | ActiveRecord: 0.0ms)


Started POST "/admin/login" for ::1 at 2019-08-23 19:52:37 +0530
Processing by ActiveAdmin::Devise::SessionsController#create as HTML
  Parameters: {"utf8"=>"✓", "authenticity_token"=>"h8cl8np+whOqsDLnfBT9zdOzDV3Cie9wztxrtADuGUOikfDT7VFmSjCulS1WDRIYPLoh3ApplmQ8sIhmtfW8bA==", "admin_user"=>{"email"=>"admin@example.com", "password"=>"[FILTERED]", "remember_me"=>"0"}, "commit"=>"Login"}
  [1m[36mAdminUser Load (0.3ms)[0m  [1m[34mSELECT  `admin_users`.* FROM `admin_users` WHERE `admin_users`.`email` = 'admin@example.com' ORDER BY `admin_users`.`id` ASC LIMIT 1[0m
  ↳ /Users/prathibhags/.rvm/gems/ruby-2.6.3/gems/activerecord-5.2.3/lib/active_record/log_subscriber.rb:98
Completed 401 Unauthorized in 1ms (ActiveRecord: 0.3ms)


Processing by ActiveAdmin::Devise::SessionsController#new as HTML
  Parameters: {"utf8"=>"✓", "authenticity_token"=>"h8cl8np+whOqsDLnfBT9zdOzDV3Cie9wztxrtADuGUOikfDT7VFmSjCulS1WDRIYPLoh3ApplmQ8sIhmtfW8bA==", "admin_user"=>{"email"=>"admin@example.com", "password"=>"[FILTERED]", "remember_me"=>"0"}, "commit"=>"Login"}
  Rendering /Users/prathibhags/.rvm/gems/ruby-2.6.3/gems/activeadmin-2.2.0/app/views/active_admin/devise/sessions/new.html.erb within layouts/active_admin_logged_out
  Rendered /Users/prathibhags/.rvm/gems/ruby-2.6.3/gems/activeadmin-2.2.0/app/views/active_admin/devise/shared/_links.erb (0.7ms)
  Rendered /Users/prathibhags/.rvm/gems/ruby-2.6.3/gems/activeadmin-2.2.0/app/views/active_admin/devise/sessions/new.html.erb within layouts/active_admin_logged_out (13.3ms)
Completed 200 OK in 191ms (Views: 71.2ms | ActiveRecord: 0.0ms)


Started POST "/admin/login" for ::1 at 2019-08-23 19:52:39 +0530
Processing by ActiveAdmin::Devise::SessionsController#create as HTML
  Parameters: {"utf8"=>"✓", "authenticity_token"=>"hJGJDdaeunhSt0GloLvbdp6arEMoQeZkEkHgI0MxA9Ghx1wsQbEeIcip5m+KojSjcZOAwuChn3DgLQPx9iqm/g==", "admin_user"=>{"email"=>"admin@example.com", "password"=>"[FILTERED]", "remember_me"=>"0"}, "commit"=>"Login"}
  [1m[36mAdminUser Load (0.3ms)[0m  [1m[34mSELECT  `admin_users`.* FROM `admin_users` WHERE `admin_users`.`email` = 'admin@example.com' ORDER BY `admin_users`.`id` ASC LIMIT 1[0m
  ↳ /Users/prathibhags/.rvm/gems/ruby-2.6.3/gems/activerecord-5.2.3/lib/active_record/log_subscriber.rb:98
Completed 401 Unauthorized in 2ms (ActiveRecord: 0.3ms)


Processing by ActiveAdmin::Devise::SessionsController#new as HTML
  Parameters: {"utf8"=>"✓", "authenticity_token"=>"hJGJDdaeunhSt0GloLvbdp6arEMoQeZkEkHgI0MxA9Ghx1wsQbEeIcip5m+KojSjcZOAwuChn3DgLQPx9iqm/g==", "admin_user"=>{"email"=>"admin@example.com", "password"=>"[FILTERED]", "remember_me"=>"0"}, "commit"=>"Login"}
  Rendering /Users/prathibhags/.rvm/gems/ruby-2.6.3/gems/activeadmin-2.2.0/app/views/active_admin/devise/sessions/new.html.erb within layouts/active_admin_logged_out
  Rendered /Users/prathibhags/.rvm/gems/ruby-2.6.3/gems/activeadmin-2.2.0/app/views/active_admin/devise/shared/_links.erb (0.7ms)
  Rendered /Users/prathibhags/.rvm/gems/ruby-2.6.3/gems/activeadmin-2.2.0/app/views/active_admin/devise/sessions/new.html.erb within layouts/active_admin_logged_out (14.6ms)
Completed 200 OK in 216ms (Views: 94.2ms | ActiveRecord: 0.0ms)


  [1m[35m (0.3ms)[0m  [1m[35mSET NAMES utf8,  @@SESSION.sql_mode = CONCAT(CONCAT(@@sql_mode, ',STRICT_ALL_TABLES'), ',NO_AUTO_VALUE_ON_ZERO'),  @@SESSION.sql_auto_is_null = 0, @@SESSION.wait_timeout = 2147483[0m
  [1m[36mAdminUser Load (0.3ms)[0m  [1m[34mSELECT  `admin_users`.* FROM `admin_users` LIMIT 11[0m
Started GET "/admin/signup" for ::1 at 2019-08-23 19:54:01 +0530
  
ActionController::RoutingError (No route matches [GET] "/admin/signup"):
  
actionpack (5.2.3) lib/action_dispatch/middleware/debug_exceptions.rb:65:in `call'
web-console (3.7.0) lib/web_console/middleware.rb:135:in `call_app'
web-console (3.7.0) lib/web_console/middleware.rb:30:in `block in call'
web-console (3.7.0) lib/web_console/middleware.rb:20:in `catch'
web-console (3.7.0) lib/web_console/middleware.rb:20:in `call'
actionpack (5.2.3) lib/action_dispatch/middleware/show_exceptions.rb:33:in `call'
railties (5.2.3) lib/rails/rack/logger.rb:38:in `call_app'
railties (5.2.3) lib/rails/rack/logger.rb:26:in `block in call'
activesupport (5.2.3) lib/active_support/tagged_logging.rb:71:in `block in tagged'
activesupport (5.2.3) lib/active_support/tagged_logging.rb:28:in `tagged'
activesupport (5.2.3) lib/active_support/tagged_logging.rb:71:in `tagged'
railties (5.2.3) lib/rails/rack/logger.rb:26:in `call'
sprockets-rails (3.2.1) lib/sprockets/rails/quiet_assets.rb:13:in `call'
actionpack (5.2.3) lib/action_dispatch/middleware/remote_ip.rb:81:in `call'
actionpack (5.2.3) lib/action_dispatch/middleware/request_id.rb:27:in `call'
rack (2.0.7) lib/rack/method_override.rb:22:in `call'
rack (2.0.7) lib/rack/runtime.rb:22:in `call'
activesupport (5.2.3) lib/active_support/cache/strategy/local_cache_middleware.rb:29:in `call'
actionpack (5.2.3) lib/action_dispatch/middleware/executor.rb:14:in `call'
actionpack (5.2.3) lib/action_dispatch/middleware/static.rb:127:in `call'
rack (2.0.7) lib/rack/sendfile.rb:111:in `call'
railties (5.2.3) lib/rails/engine.rb:524:in `call'
puma (3.12.1) lib/puma/configuration.rb:227:in `call'
puma (3.12.1) lib/puma/server.rb:660:in `handle_request'
puma (3.12.1) lib/puma/server.rb:474:in `process_client'
puma (3.12.1) lib/puma/server.rb:334:in `block in run'
puma (3.12.1) lib/puma/thread_pool.rb:135:in `block in spawn_thread'
